2022-05-12 14:11:54,327 [ScanAction    ] [INFO   ]  Customer Storage Account: tnodataset6830
2022-05-12 14:11:54,327 [ScanAction    ] [INFO   ]  Customer File Share: tnodataset
2022-05-12 14:11:54,328 [ScanAction    ] [INFO   ]  Record Storage Account: tnodataset6830
2022-05-12 14:11:54,329 [ScanAction    ] [INFO   ]  Record File Share: record
2022-05-12 14:11:55,213 [ScanAction    ] [INFO   ]  Source Map:
2022-05-12 14:11:55,213 [ScanAction    ] [INFO   ]  {'datasets/documents': ['pdf', 'doc']}
2022-05-12 14:11:56,558 [ScanAction    ] [INFO   ]  Requested Path Exists ; datasets/documents: True
2022-05-12 14:11:56,923 [ScanAction    ] [INFO   ]  Files to process in path : datasets/documents: 8
2022-05-12 14:11:56,924 [ScanAction    ] [INFO   ]  Processing batch of found records - 1 of 1
2022-05-12 14:12:05,909 [ScanAction    ] [INFO   ]  Processed 8 records for path datasets/documents
2022-05-12 14:12:05,925 [RoundRobin    ] [INFO   ]  Record Storage Account: tnodataset6830
2022-05-12 14:12:05,926 [RoundRobin    ] [INFO   ]  Record File Share: record
2022-05-12 14:12:07,418 [RoundRobin    ] [INFO   ]  Unprocessed Record Count: 8
2022-05-12 14:12:07,420 [RoundRobin    ] [INFO   ]  Container Distribution: 6
2022-05-12 14:12:09,046 [RoundRobin    ] [INFO   ]  Generating work manifest: workload0.json
2022-05-12 14:12:09,571 [RoundRobin    ] [INFO   ]  Generating work manifest: workload1.json
2022-05-12 14:12:10,178 [RoundRobin    ] [INFO   ]  Generating work manifest: workload2.json
2022-05-12 14:12:10,853 [RoundRobin    ] [INFO   ]  Generating work manifest: workload3.json
2022-05-12 14:12:11,456 [RoundRobin    ] [INFO   ]  Generating work manifest: workload4.json
2022-05-12 14:12:11,974 [RoundRobin    ] [INFO   ]  Generating work manifest: workload5.json
